<?xml version="1.0" encoding="UTF-8"?>
<testsuite xmlns:xsi="http://www.w3.org/2001/XMLSchema-instance" xsi:noNamespaceSchemaLocation="https://maven.apache.org/surefire/maven-surefire-plugin/xsd/surefire-test-report-3.0.xsd" version="3.0" name="com.mycompany.calculadorajenkins.CalculadoraTest" time="0.0" tests="0" errors="0" skipped="0" failures="0">
  <properties>
    <property name="java.specification.version" value="21"/>
    <property name="sun.cpu.isalist" value="amd64"/>
    <property name="sun.jnu.encoding" value="Cp1252"/>
    <property name="java.class.path" value="C:\Users\linoz\OneDrive\Documentos 1\NetBeansProjects\CalculadoraJenkins\target\test-classes;C:\Users\linoz\OneDrive\Documentos 1\NetBeansProjects\CalculadoraJenkins\target\classes;"/>
    <property name="java.vm.vendor" value="Oracle Corporation"/>
    <property name="sun.arch.data.model" value="64"/>
    <property name="user.variant" value=""/>
    <property name="java.vendor.url" value="https://java.oracle.com/"/>
    <property name="user.timezone" value="America/Guatemala"/>
    <property name="os.name" value="Windows 11"/>
    <property name="java.vm.specification.version" value="21"/>
    <property name="user.country" value="GT"/>
    <property name="sun.java.launcher" value="SUN_STANDARD"/>
    <property name="sun.boot.library.path" value="C:\Program Files\Java\jdk-21\bin"/>
    <property name="sun.java.command" value="C:\Users\linoz\AppData\Local\Temp\surefire17636672778303243220\surefirebooter-20250817120608066_3.jar C:\Users\linoz\AppData\Local\Temp\surefire17636672778303243220 2025-08-17T12-06-07_400-jvmRun1 surefire-20250817120608066_1tmp surefire_0-20250817120608066_2tmp"/>
    <property name="jdk.debug" value="release"/>
    <property name="test" value="com.mycompany.calculadorajenkins.CalculadoraTest"/>
    <property name="surefire.test.class.path" value="C:\Users\linoz\OneDrive\Documentos 1\NetBeansProjects\CalculadoraJenkins\target\test-classes;C:\Users\linoz\OneDrive\Documentos 1\NetBeansProjects\CalculadoraJenkins\target\classes;"/>
    <property name="sun.cpu.endian" value="little"/>
    <property name="user.home" value="C:\Users\linoz"/>
    <property name="user.language" value="es"/>
    <property name="java.specification.vendor" value="Oracle Corporation"/>
    <property name="java.version.date" value="2025-04-15"/>
    <property name="java.home" value="C:\Program Files\Java\jdk-21"/>
    <property name="file.separator" value="\"/>
    <property name="basedir" value="C:\Users\linoz\OneDrive\Documentos 1\NetBeansProjects\CalculadoraJenkins"/>
    <property name="java.vm.compressedOopsMode" value="Zero based"/>
    <property name="line.separator" value="&#10;"/>
    <property name="java.vm.specification.vendor" value="Oracle Corporation"/>
    <property name="java.specification.name" value="Java Platform API Specification"/>
    <property name="surefire.real.class.path" value="C:\Users\linoz\AppData\Local\Temp\surefire17636672778303243220\surefirebooter-20250817120608066_3.jar"/>
    <property name="user.script" value=""/>
    <property name="sun.management.compiler" value="HotSpot 64-Bit Tiered Compilers"/>
    <property name="java.runtime.version" value="21.0.7+8-LTS-245"/>
    <property name="user.name" value="linoz"/>
    <property name="stdout.encoding" value="Cp1252"/>
    <property name="path.separator" value=";"/>
    <property name="os.version" value="10.0"/>
    <property name="java.runtime.name" value="Java(TM) SE Runtime Environment"/>
    <property name="file.encoding" value="UTF-8"/>
    <property name="java.vm.name" value="Java HotSpot(TM) 64-Bit Server VM"/>
    <property name="maven.ext.class.path" value="C:\Program Files\NetBeans-22\netbeans\java\maven-nblib\netbeans-eventspy.jar"/>
    <property name="localRepository" value="C:\Users\linoz\.m2\repository"/>
    <property name="java.vendor.url.bug" value="https://bugreport.java.com/bugreport/"/>
    <property name="java.io.tmpdir" value="C:\Users\linoz\AppData\Local\Temp\"/>
    <property name="java.version" value="21.0.7"/>
    <property name="user.dir" value="C:\Users\linoz\OneDrive\Documentos 1\NetBeansProjects\CalculadoraJenkins"/>
    <property name="os.arch" value="amd64"/>
    <property name="java.vm.specification.name" value="Java Virtual Machine Specification"/>
    <property name="sun.os.patch.level" value=""/>
    <property name="native.encoding" value="Cp1252"/>
    <property name="java.library.path" value="C:\Program Files\Java\jdk-21\bin;C:\WINDOWS\Sun\Java\bin;C:\WINDOWS\system32;C:\WINDOWS;C:\Program Files\Common Files\Oracle\Java\javapath;C:\19c\bin;C:\Program Files (x86)\Common Files\Oracle\Java\javapath;C:\Users\linoz\AppData\Local\Programs\Python\Python312\Scripts\;C:\Users\linoz\AppData\Local\Programs\Python\Python312\;C:\WINDOWS\system32;C:\WINDOWS;C:\WINDOWS\System32\Wbem;C:\WINDOWS\System32\WindowsPowerShell\v1.0\;C:\WINDOWS\System32\OpenSSH\;C:\Program Files\Git\cmd;C:\ProgramData\chocolatey\bin;C:\composer;C:\xampp\php;C:\ProgramData\ComposerSetup\bin;C:\Program Files\Java\jdk1.8.0_341\bin;C:\Program Files\dotnet\;C:\Users\linoz\AppData\Local\nvm;C:\nvm4w\nodejs;C:\Program Files (x86)\Windows Kits\10\Windows Performance Toolkit\;c:\Users\linoz\AppData\Local\Programs\cursor\resources\app\bin;c:\Users\linoz\AppData\Local\Programs\Trae\bin;C:\Users\linoz\AppData\Local\Programs\Python\Python310\Scripts\;C:\Users\linoz\AppData\Local\Programs\Python\Python310\;C:\Users\linoz\AppData\Local\Microsoft\WindowsApps;C:\Users\linoz\AppData\Local\Programs\Microsoft VS Code\bin;C:\Users\linoz\AppData\Roaming\Composer\vendor\bin;C:\Users\linoz\.dotnet\tools;C:\Users\linoz\AppData\Roaming\npm;C:\Program Files\Java\jdk1.8.0_341;C:\Users\linoz\AppData\Local\nvm;C:\nvm4w\nodejs;C:\Users\linoz\AppData\Local\Programs\cursor\resources\app\bin;."/>
    <property name="java.vm.info" value="mixed mode, sharing"/>
    <property name="stderr.encoding" value="Cp1252"/>
    <property name="java.vendor" value="Oracle Corporation"/>
    <property name="java.vm.version" value="21.0.7+8-LTS-245"/>
    <property name="sun.io.unicode.encoding" value="UnicodeLittle"/>
    <property name="java.class.version" value="65.0"/>
  </properties>
</testsuite>